<html>
<body>
<pre>
<h1>µVision Build Log</h1>
<h2>Project:</h2>
\\testarossa\Desktops$\kmoy\Desktop\Project Edit Nov 18\ProjectFramework.uvproj
Project File Date:  11/17/2014

<h2>Output:</h2>
Rebuild target 'BaseFrameworkTarget'
compiling main.c...
compiling EventCheckers.c...
compiling DisarmFSM.c...
compiling EnablePA25_PB23_PD7_PF0.c...
compiling PWMTiva.c...
compiling Servos.c...
compiling TapeSensor.c...
compiling ADCSWTrigger.c...
compiling DCmotors.c...
compiling LEDs.c...
compiling SlotDetector.c...
compiling KeyPadSM.c...
compiling LCD.c...
compiling KeyPadFSM.c...
compiling helperFunctions.c...
compiling passwordGenerator.c...
assembling startup_rvmdk.S...
compiling ES_CheckEvents.c...
compiling ES_DeferRecall.c...
compiling ES_Framework.c...
compiling ES_LookupTables.c...
compiling ES_Port.c...
compiling ES_PostList.c...
compiling ES_Queue.c...
compiling ES_Timers.c...
compiling retarget.c...
compiling termio.c...
compiling uartstdio.c...
linking...
Program Size: Code=19896 RO-data=1464 RW-data=148 ZI-data=2452  
After Build - User command #1: fromelf --bin --output .\Outputs\BaseTarget.bin .\Outputs\BaseTarget.axf
".\Outputs\BaseTarget.axf" - 0 Error(s), 0 Warning(s).
Load "\\\\testarossa\\Desktops$\\kmoy\\Desktop\\Project Edit Nov 18\\Outputs\\BaseTarget.axf" 
Connecting: Mode=JTAG, Speed=1000000Hz
Erase Done.
Programming Done.
Verify OK.
Load "\\\\testarossa\\Desktops$\\kmoy\\Desktop\\Project Edit Nov 18\\Outputs\\BaseTarget.axf" 
Connecting: Mode=JTAG, Speed=1000000Hz
Erase Done.
Programming Done.
Verify OK.
</pre>
</body>
</html>
ogramming Done.
Verify OK.
uts\BaseTarget.bin .\Outputs\BaseTarget.axf
".\Outputs\BaseTarget.axf" - 0 Error(s), 3 Warning(s).
        return false;
Source\passwordGenerator.c(55): error:  #20: identifier "false" is undefined
                                return false;
Source\passwordGenerator.c(57): error:  #20: identifier "true" is undefined
                return true;
Source\passwordGenerator.c(61): error:  #20: identifier "bool" is undefined
  bool checkPassword(int *guess) {
Source\passwordGenerator.c(65): error:  #20: identifier "true" is undefined
                                return true;
Source\passwordGenerator.c(69): error:  #20: identifier "true" is undefined
                                return true;
Source\passwordGenerator.c(73): error:  #20: identifier "true" is undefined
                                return true;
Source\passwordGenerator.c(77): error:  #20: identifier "true" is undefined
                                return true;
Source\passwordGenerator.c(80): error:  #20: identifier "false" is undefined
        return false;
Source\passwordGenerator.c: 6 warnings, 11 errors
assembling startup_rvmdk.S...
compiling ES_CheckEvents.c...
compiling ES_DeferRecall.c...
compiling ES_Framework.c...
compiling ES_LookupTables.c...
compiling ES_Port.c...
compiling ES_PostList.c...
compiling ES_Queue.c...
compiling ES_Timers.c...
compiling retarget.c...
compiling termio.c...
compiling uartstdio.c...
".\Outputs\BaseTarget.axf" - 11 Error(s), 6 Warning(s).
Target not created
r( c[getPassword(4)[2]]);
Source\LCD.c(439): error:  #142: expression must have pointer-to-object type
                        LCDputchar( c[getPassword(4)[3]]);
Source\LCD.c(440): error:  #142: expression must have pointer-to-object type
                        LCDputchar( c[getPassword(4)[4]]);
Source\LCD.c: 1 warning, 20 errors
compiling KeyPadFSM.c...
compiling helperFunctions.c...
compiling passwordGenerator.c...
Source\passwordGenerator.c(24): warning:  #223-D: function "time" declared implicitly
        srand(time(NULL));
Source\passwordGenerator.c: 1 warning, 0 errors
assembling startup_rvmdk.S...
compiling ES_CheckEvents.c...
compiling ES_DeferRecall.c...
compiling ES_Framework.c...
compiling ES_LookupTables.c...
compiling ES_Port.c...
compiling ES_PostList.c...
compiling ES_Queue.c...
compiling ES_Timers.c...
compiling retarget.c...
compiling termio.c...
compiling uartstdio.c...
".\Outputs\BaseTarget.axf" - 20 Error(s), 2 Warning(s).
Target not created
)
            variable "c" (declared at line 429)
        switch (messageNumber) {
        ^
Source\LCD.c: 2 warnings, 23 errors
compiling KeyPadFSM.c...
compiling helperFunctions.c...
compiling passwordGenerator.c...
Source\passwordGenerator.c(24): warning:  #223-D: function "time" declared implicitly
        srand(time(NULL));
Source\passwordGenerator.c: 1 warning, 0 errors
assembling startup_rvmdk.S...
compiling ES_CheckEvents.c...
compiling ES_DeferRecall.c...
compiling ES_Framework.c...
compiling ES_LookupTables.c...
compiling ES_Port.c...
compiling ES_PostList.c...
compiling ES_Queue.c...
compiling ES_Timers.c...
compiling retarget.c...
compiling termio.c...
compiling uartstdio.c...
".\Outputs\BaseTarget.axf" - 23 Error(s), 3 Warning(s).
Target not created
